<?xml version="1.0" encoding="UTF-8"?>
<!-- Generated by org.testng.reporters.JUnitReportReporter -->
<testsuite skipped="0" hostname="DESKTOP-A6855A2" name="com.learnautomation.testcases.RegistrationTest" tests="1" failures="0" timestamp="24 Jun 2021 17:20:40 GMT" time="11.168" errors="0">
  <testcase name="RegistrationApp" time="11.168" classname="com.learnautomation.testcases.RegistrationTest"/>
</testsuite> <!-- com.learnautomation.testcases.RegistrationTest -->
