<?xml version="1.0" encoding="UTF-8"?>
<!-- Generated by org.testng.reporters.JUnitReportReporter -->
<testsuite skipped="0" hostname="DESKTOP-A6855A2" name="com.learnautomation.testcases.LoginTestBrowserStack" tests="1" failures="0" timestamp="26 Jun 2021 17:22:33 GMT" time="2.618" errors="0">
  <testcase name="loginApp" time="2.618" classname="com.learnautomation.testcases.LoginTestBrowserStack"/>
</testsuite> <!-- com.learnautomation.testcases.LoginTestBrowserStack -->
